<?xml version="1.0" encoding="UTF-8"?>
<!-- Generated by org.testng.reporters.JUnitXMLReporter -->
<testsuite ignored="0" hostname="BLRTSGPW0613MT" failures="3" tests="6" name="Logintest" time="100.345" errors="0" timestamp="2023-11-12T19:18:46 IST">
  <testcase classname="com.inetBanking.testCases.TC_LoginPage_001" name="Test" time="2.528">
    <failure type="java.lang.AssertionError" message="expected [true] but found [false]">
      <![CDATA[java.lang.AssertionError: expected [true] but found [false]
at com.inetBanking.testCases.TC_LoginPage_001.Test(TC_LoginPage_001.java:30)
at java.base/java.util.ArrayList.forEach(ArrayList.java:1511)
... Removed 31 stack frames]]>
    </failure>
  </testcase> <!-- Test -->
  <testcase classname="com.inetBanking.testCases.TC_LoginData_002" name="LoginData" time="8.049"/>
  <testcase classname="com.inetBanking.testCases.TC_LoginData_002" name="LoginData" time="7.865"/>
  <testcase classname="com.inetBanking.testCases.TC_LoginData_002" name="LoginData" time="2.126">
    <failure type="java.lang.AssertionError" message="expected [true] but found [false]">
      <![CDATA[java.lang.AssertionError: expected [true] but found [false]
at com.inetBanking.testCases.TC_LoginData_002.LoginData(TC_LoginData_002.java:42)
at java.base/java.util.ArrayList.forEach(ArrayList.java:1511)
... Removed 31 stack frames]]>
    </failure>
  </testcase> <!-- LoginData -->
  <testcase classname="com.inetBanking.testCases.TC_LoginData_002" name="LoginData" time="1.991">
    <failure type="java.lang.AssertionError" message="expected [true] but found [false]">
      <![CDATA[java.lang.AssertionError: expected [true] but found [false]
at com.inetBanking.testCases.TC_LoginData_002.LoginData(TC_LoginData_002.java:42)
at java.base/java.util.ArrayList.forEach(ArrayList.java:1511)
... Removed 31 stack frames]]>
    </failure>
  </testcase> <!-- LoginData -->
  <testcase classname="com.inetBanking.testCases.TC_Addcustomer_003" name="Test" time="13.363"/>
</testsuite> <!-- Logintest -->
