<?xml version="1.0" encoding="UTF-8"?>
<testng-results ignored="0" total="1" passed="1" failed="0" skipped="0">
  <reporter-output>
  </reporter-output>
  <suite started-at="2023-11-14T09:25:15 IST" name="Banking" finished-at="2023-11-14T09:25:27 IST" duration-ms="12580">
    <groups>
    </groups>
    <test started-at="2023-11-14T09:25:15 IST" name="Logintest" finished-at="2023-11-14T09:25:27 IST" duration-ms="12580">
      <class name="com.inetBanking.testCases.TC_LoginPage_001">
        <test-method is-config="true" signature="setUp(java.lang.String)[pri:0, instance:com.inetBanking.testCases.TC_LoginPage_001@795cd85e]" started-at="2023-11-14T09:25:15 IST" name="setUp" finished-at="2023-11-14T09:25:24 IST" duration-ms="9271" status="PASS">
          <params>
            <param index="0">
              <value>
                <![CDATA[chrome]]>
              </value>
            </param>
          </params>
          <reporter-output>
          </reporter-output>
        </test-method> <!-- setUp -->
        <test-method signature="Test()[pri:0, instance:com.inetBanking.testCases.TC_LoginPage_001@795cd85e]" started-at="2023-11-14T09:25:24 IST" name="Test" finished-at="2023-11-14T09:25:26 IST" duration-ms="1923" status="PASS">
          <reporter-output>
          </reporter-output>
        </test-method> <!-- Test -->
        <test-method is-config="true" signature="tearDown()[pri:0, instance:com.inetBanking.testCases.TC_LoginPage_001@795cd85e]" started-at="2023-11-14T09:25:26 IST" name="tearDown" finished-at="2023-11-14T09:25:27 IST" duration-ms="1033" status="PASS">
          <reporter-output>
          </reporter-output>
        </test-method> <!-- tearDown -->
      </class> <!-- com.inetBanking.testCases.TC_LoginPage_001 -->
    </test> <!-- Logintest -->
  </suite> <!-- Banking -->
</testng-results>
